New connection! (51)
Connection 51 sending message "abc abc" to 0 other connections
Connection 51 sending message "abc cde" to 0 other connections
Connection 51 sending message "abc abc abc" to 0 other connections
Connection 51 has disconnected
New connection! (87)
Connection 87 sending message "abc de fg" to 0 other connections
Connection 87 sending message "jfjfkjtfjkf lcvjlgcjl" to 0 other connections
Connection 87 sending message "music bmhjhgkh gkh,khjjgt" to 0 other connections
Connection 87 has disconnected
New connection! (93)
Connection 93 has disconnected
New connection! (96)
Connection 96 has disconnected
New connection! (99)
Connection 99 has disconnected
New connection! (102)
New connection! (105)
Connection 105 has disconnected
New connection! (108)
New connection! (111)
Connection 111 has disconnected
New connection! (114)
Connection 114 has disconnected
New connection! (117)
New connection! (120)
Connection 120 has disconnected
New connection! (123)
Connection 123 has disconnected
New connection! (126)
Connection 126 has disconnected
Connection 102 has disconnected
New connection! (129)
Connection 129 has disconnected
New connection! (132)
Connection 132 has disconnected
New connection! (135)
Connection 135 has disconnected
New connection! (138)
Connection 138 has disconnected
New connection! (141)
New connection! (144)
New connection! (147)
Connection 147 has disconnected
New connection! (51)
Connection 51 has disconnected
New connection! (84)
Connection 84 has disconnected
New connection! (93)
New connection! (96)
New connection! (99)
Connection 99 has disconnected
Connection 93 has disconnected
Connection 96 has disconnected
New connection! (105)
Connection 105 sending message "４" to 0 other connections
Connection 105 sending message "" to 0 other connections
Connection 105 sending message "ｔ" to 0 other connections
Connection 105 sending message "っっっｔ" to 0 other connections
Connection 105 has disconnected
New connection! (108)
Connection 108 has disconnected
New connection! (111)
Connection 111 has disconnected
New connection! (114)
Connection 114 has disconnected
New connection! (117)
Connection 117 has disconnected
New connection! (120)
Connection 120 has disconnected
New connection! (123)
Connection 123 has disconnected
New connection! (126)
New connection! (129)
Connection 129 has disconnected
Connection 126 has disconnected
New connection! (138)
Connection 138 has disconnected
New connection! (141)
Connection 141 has disconnected
New connection! (144)
Connection 144 has disconnected
New connection! (147)
Connection 147 has disconnected
New connection! (151)
Connection 151 has disconnected
New connection! (154)
Connection 154 has disconnected
New connection! (157)
Connection 157 has disconnected
New connection! (160)
Connection 160 has disconnected
New connection! (163)
Connection 163 has disconnected
New connection! (166)
Connection 166 has disconnected
New connection! (169)
Connection 169 has disconnected
New connection! (172)
Connection 172 has disconnected
New connection! (175)
Connection 175 has disconnected
New connection! (178)
Connection 178 has disconnected
New connection! (181)
Connection 181 has disconnected
New connection! (184)
Connection 184 has disconnected
New connection! (191)
Connection 191 has disconnected
New connection! (194)
Connection 194 has disconnected
New connection! (197)
Connection 197 has disconnected
New connection! (201)
Connection 201 has disconnected
New connection! (204)
Connection 204 has disconnected
New connection! (207)
Connection 207 has disconnected
New connection! (213)
Connection 213 has disconnected
New connection! (216)
Connection 216 has disconnected
New connection! (219)
Connection 219 has disconnected
New connection! (222)
Connection 222 has disconnected
New connection! (225)
Connection 225 has disconnected
New connection! (228)
Connection 228 has disconnected
New connection! (231)
Connection 231 has disconnected
New connection! (237)
Connection 237 has disconnected
New connection! (240)
Connection 240 has disconnected
New connection! (243)
Connection 243 has disconnected
New connection! (246)
Connection 246 has disconnected
New connection! (249)
Connection 249 has disconnected
New connection! (252)
Connection 252 has disconnected
New connection! (255)
Connection 255 has disconnected
New connection! (258)
Connection 258 has disconnected
New connection! (261)
Connection 261 has disconnected
New connection! (264)
Connection 264 has disconnected
New connection! (267)
Connection 267 has disconnected
New connection! (273)
Connection 273 has disconnected
New connection! (276)
Connection 276 has disconnected
New connection! (279)
Connection 279 has disconnected
New connection! (282)
Connection 282 has disconnected
New connection! (285)
Connection 285 has disconnected
New connection! (288)
Connection 288 has disconnected
New connection! (294)
Connection 294 has disconnected
New connection! (304)
Connection 304 has disconnected
New connection! (307)
Connection 307 has disconnected
New connection! (310)
Connection 310 has disconnected
New connection! (313)
Connection 313 has disconnected
New connection! (316)
Connection 316 has disconnected
New connection! (319)
Connection 319 has disconnected
New connection! (322)
Connection 322 has disconnected
New connection! (328)
Connection 328 has disconnected
New connection! (331)
Connection 331 has disconnected
New connection! (334)
Connection 334 has disconnected
New connection! (337)
Connection 337 has disconnected
New connection! (340)
Connection 340 has disconnected
New connection! (343)
Connection 343 has disconnected
New connection! (346)
Connection 346 has disconnected
New connection! (349)
Connection 349 has disconnected
New connection! (352)
Connection 352 has disconnected
New connection! (355)
Connection 355 has disconnected
New connection! (358)
Connection 358 has disconnected
New connection! (361)
Connection 361 has disconnected
New connection! (364)
Connection 364 has disconnected
New connection! (367)
Connection 367 has disconnected
New connection! (370)
Connection 370 has disconnected
New connection! (373)
Connection 373 has disconnected
New connection! (376)
Connection 376 has disconnected
New connection! (379)
Connection 379 has disconnected
New connection! (382)
Connection 382 has disconnected
New connection! (385)
Connection 385 has disconnected
New connection! (388)
Connection 388 has disconnected
New connection! (391)
Connection 391 has disconnected
New connection! (394)
Connection 394 has disconnected
New connection! (397)
Connection 397 has disconnected
New connection! (400)
Connection 400 has disconnected
New connection! (403)
Connection 403 has disconnected
New connection! (406)
Connection 406 has disconnected
New connection! (409)
Connection 409 has disconnected
New connection! (412)
Connection 412 has disconnected
New connection! (415)
Connection 415 has disconnected
New connection! (418)
Connection 418 has disconnected
New connection! (421)
Connection 421 has disconnected
New connection! (424)
Connection 424 has disconnected
New connection! (427)
Connection 427 has disconnected
New connection! (430)
Connection 430 has disconnected
New connection! (433)
Connection 433 has disconnected
New connection! (436)
Connection 436 has disconnected
New connection! (439)
Connection 439 has disconnected
New connection! (442)
Connection 442 has disconnected
New connection! (445)
Connection 445 has disconnected
New connection! (448)
Connection 448 has disconnected
New connection! (451)
Connection 451 has disconnected
New connection! (454)
Connection 454 has disconnected
New connection! (457)
Connection 457 has disconnected
New connection! (460)
Connection 460 has disconnected
New connection! (463)
Connection 463 sending message "dddddddddddddddddddddd" to 0 other connections
Connection 463 sending message "dddddddd" to 0 other connections
Connection 463 sending message "s" to 0 other connections
Connection 463 has disconnected
New connection! (469)
Connection 469 has disconnected
New connection! (472)
Connection 472 has disconnected
New connection! (475)
Connection 475 has disconnected
New connection! (478)
Connection 478 has disconnected
New connection! (481)
Connection 481 has disconnected
New connection! (484)
Connection 484 has disconnected
New connection! (487)
Connection 487 has disconnected
New connection! (490)
Connection 490 has disconnected
New connection! (493)
Connection 493 sending message "" to 0 other connections
Connection 493 sending message "" to 0 other connections
Connection 493 has disconnected
New connection! (496)
Connection 496 has disconnected
New connection! (499)
Connection 499 has disconnected
New connection! (502)
Connection 502 has disconnected
New connection! (505)
Connection 505 has disconnected
New connection! (508)
Connection 508 has disconnected
New connection! (511)
Connection 511 has disconnected
New connection! (514)
Connection 514 has disconnected
New connection! (517)
Connection 517 has disconnected
New connection! (520)
Connection 520 has disconnected
New connection! (523)
Connection 523 has disconnected
New connection! (531)
Connection 531 has disconnected
New connection! (534)
Connection 534 has disconnected
New connection! (537)
Connection 537 has disconnected
New connection! (541)
Connection 541 has disconnected
New connection! (544)
Connection 544 has disconnected
New connection! (547)
Connection 547 has disconnected
New connection! (550)
Connection 550 has disconnected
New connection! (553)
Connection 553 has disconnected
New connection! (556)
Connection 556 has disconnected
New connection! (559)
Connection 559 has disconnected
New connection! (562)
Connection 562 has disconnected
New connection! (565)
Connection 565 has disconnected
New connection! (568)
Connection 568 has disconnected
New connection! (571)
Connection 571 has disconnected
New connection! (574)
Connection 574 has disconnected
New connection! (577)
Connection 577 has disconnected
New connection! (580)
Connection 580 has disconnected
New connection! (583)
Connection 583 has disconnected
New connection! (586)
Connection 586 has disconnected
New connection! (589)
New connection! (592)
Connection 592 has disconnected
Connection 589 has disconnected
New connection! (595)
Connection 595 has disconnected
New connection! (598)
Connection 598 has disconnected
New connection! (601)
Connection 601 has disconnected
New connection! (607)
Connection 607 has disconnected
New connection! (610)
Connection 610 has disconnected
New connection! (616)
Connection 616 has disconnected
New connection! (619)
Connection 619 has disconnected
New connection! (622)
Connection 622 has disconnected
New connection! (625)
Connection 625 has disconnected
New connection! (628)
Connection 628 has disconnected
New connection! (631)
Connection 631 has disconnected
New connection! (634)
Connection 634 has disconnected
New connection! (640)
Connection 640 has disconnected
New connection! (643)
Connection 643 has disconnected
New connection! (646)
Connection 646 has disconnected
New connection! (649)
Connection 649 has disconnected
New connection! (655)
Connection 655 has disconnected
New connection! (659)
Connection 659 has disconnected
New connection! (662)
Connection 662 has disconnected
New connection! (665)
Connection 665 has disconnected
New connection! (668)
Connection 668 has disconnected
New connection! (671)
Connection 671 has disconnected
New connection! (674)
Connection 674 has disconnected
New connection! (677)
Connection 677 has disconnected
New connection! (680)
Connection 680 has disconnected
New connection! (683)
Connection 683 has disconnected
New connection! (718)
Connection 718 has disconnected
New connection! (721)
Connection 721 has disconnected
New connection! (724)
New connection! (727)
Connection 727 has disconnected
Connection 724 has disconnected
New connection! (730)
Connection 730 has disconnected
New connection! (733)
Connection 733 has disconnected
New connection! (736)
Connection 736 has disconnected
New connection! (739)
Connection 739 has disconnected
New connection! (742)
Connection 742 has disconnected
New connection! (745)
Connection 745 has disconnected
New connection! (748)
Connection 748 has disconnected
New connection! (751)
Connection 751 has disconnected
New connection! (754)
Connection 754 has disconnected
New connection! (757)
Connection 757 has disconnected
New connection! (760)
Connection 760 has disconnected
New connection! (763)
Connection 763 has disconnected
New connection! (766)
Connection 766 has disconnected
New connection! (772)
Connection 772 has disconnected
New connection! (775)
Connection 775 has disconnected
New connection! (778)
Connection 778 has disconnected
New connection! (781)
Connection 781 has disconnected
New connection! (784)
New connection! (787)
Connection 787 has disconnected
Connection 784 has disconnected
